2024-11-14T21:25:43.996+03:00  INFO 14660 --- [address-service] [restartedMain] c.h.a.AddressServiceApplication          : Starting AddressServiceApplication using Java 17.0.5 with PID 14660 (E:\1_Kodlar\Microservices\thy_microservice\parent_pom\address-service\target\classes started by Hamit-Mizrak in E:\1_Kodlar\Microservices\thy_microservice\parent_pom)
2024-11-14T21:25:43.997+03:00  INFO 14660 --- [address-service] [restartedMain] c.h.a.AddressServiceApplication          : No active profile set, falling back to 1 default profile: "default"
2024-11-14T21:25:44.026+03:00  INFO 14660 --- [address-service] [restartedMain] o.s.c.c.c.ConfigServerConfigDataLoader   : Fetching config from server at : http://localhost:8888
2024-11-14T21:25:44.028+03:00  INFO 14660 --- [address-service] [restartedMain] o.s.c.c.c.ConfigServerConfigDataLoader   : Located environment: name=address-service, profiles=[default], label=null, version=bcf3772f2453e9dc463b5e32b3de72fbe1cfda5b, state=null
2024-11-14T21:25:44.029+03:00  INFO 14660 --- [address-service] [restartedMain] .e.DevToolsPropertyDefaultsPostProcessor : Devtools property defaults active! Set 'spring.devtools.add-properties' to 'false' to disable
2024-11-14T21:25:44.029+03:00  INFO 14660 --- [address-service] [restartedMain] .e.DevToolsPropertyDefaultsPostProcessor : For additional web related logging consider setting the 'logging.level.web' property to 'DEBUG'
2024-11-14T21:25:44.508+03:00  INFO 14660 --- [address-service] [restartedMain] .s.d.r.c.RepositoryConfigurationDelegate : Bootstrapping Spring Data JPA repositories in DEFAULT mode.
2024-11-14T21:25:44.576+03:00  INFO 14660 --- [address-service] [restartedMain] .s.d.r.c.RepositoryConfigurationDelegate : Finished Spring Data repository scanning in 64 ms. Found 1 JPA repository interface.
2024-11-14T21:25:44.713+03:00  INFO 14660 --- [address-service] [restartedMain] o.s.cloud.context.scope.GenericScope     : BeanFactory id=99d94501-f467-31aa-a1dd-2a854144b4ca
2024-11-14T21:25:44.861+03:00  WARN 14660 --- [address-service] [restartedMain] trationDelegate$BeanPostProcessorChecker : Bean 'org.springframework.cloud.client.loadbalancer.LoadBalancerAutoConfiguration$DeferringLoadBalancerInterceptorConfig' of type [org.springframework.cloud.client.loadbalancer.LoadBalancerAutoConfiguration$DeferringLoadBalancerInterceptorConfig] is not eligible for getting processed by all BeanPostProcessors (for example: not eligible for auto-proxying). The currently created BeanPostProcessor [lbRestClientPostProcessor] is declared through a non-static factory method on that class; consider declaring it as static instead.
2024-11-14T21:25:44.862+03:00  WARN 14660 --- [address-service] [restartedMain] trationDelegate$BeanPostProcessorChecker : Bean 'deferringLoadBalancerInterceptor' of type [org.springframework.cloud.client.loadbalancer.DeferringLoadBalancerInterceptor] is not eligible for getting processed by all BeanPostProcessors (for example: not eligible for auto-proxying). Is this bean getting eagerly injected into a currently created BeanPostProcessor [lbRestClientPostProcessor]? Check the corresponding BeanPostProcessor declaration and its dependencies.
2024-11-14T21:25:45.045+03:00  INFO 14660 --- [address-service] [restartedMain] o.s.b.w.embedded.tomcat.TomcatWebServer  : Tomcat initialized with port 1111 (http)
2024-11-14T21:25:45.050+03:00  INFO 14660 --- [address-service] [restartedMain] o.apache.catalina.core.StandardService   : Starting service [Tomcat]
2024-11-14T21:25:45.050+03:00  INFO 14660 --- [address-service] [restartedMain] o.apache.catalina.core.StandardEngine    : Starting Servlet engine: [Apache Tomcat/10.1.25]
2024-11-14T21:25:45.080+03:00  INFO 14660 --- [address-service] [restartedMain] o.a.c.c.C.[Tomcat].[localhost].[/]       : Initializing Spring embedded WebApplicationContext
2024-11-14T21:25:45.080+03:00  INFO 14660 --- [address-service] [restartedMain] w.s.c.ServletWebServerApplicationContext : Root WebApplicationContext: initialization completed in 1051 ms
2024-11-14T21:25:45.133+03:00  INFO 14660 --- [address-service] [restartedMain] com.zaxxer.hikari.HikariDataSource       : HikariPool-1 - Starting...
2024-11-14T21:25:45.222+03:00  INFO 14660 --- [address-service] [restartedMain] com.zaxxer.hikari.pool.HikariPool        : HikariPool-1 - Added connection conn0: url=jdbc:h2:file:./database_memory_persist/blog user=SA
2024-11-14T21:25:45.223+03:00  INFO 14660 --- [address-service] [restartedMain] com.zaxxer.hikari.HikariDataSource       : HikariPool-1 - Start completed.
2024-11-14T21:25:45.229+03:00  INFO 14660 --- [address-service] [restartedMain] o.s.b.a.h2.H2ConsoleAutoConfiguration    : H2 console available at '/h2-console'. Database available at 'jdbc:h2:file:./database_memory_persist/blog'
2024-11-14T21:25:45.288+03:00 DEBUG 14660 --- [address-service] [restartedMain] o.s.w.f.ServerHttpObservationFilter      : Filter 'webMvcObservationFilter' configured for use
2024-11-14T21:25:45.288+03:00 DEBUG 14660 --- [address-service] [restartedMain] o.s.w.s.r.ResourceUrlEncodingFilter      : Filter 'resourceUrlEncodingFilter' configured for use
2024-11-14T21:25:45.517+03:00  INFO 14660 --- [address-service] [restartedMain] o.s.o.j.p.SpringPersistenceUnitInfo      : No LoadTimeWeaver setup: ignoring JPA class transformer
2024-11-14T21:25:46.023+03:00  INFO 14660 --- [address-service] [restartedMain] j.LocalContainerEntityManagerFactoryBean : Initialized JPA EntityManagerFactory for persistence unit 'default'
2024-11-14T21:25:46.315+03:00  WARN 14660 --- [address-service] [restartedMain] JpaBaseConfiguration$JpaWebConfiguration : spring.jpa.open-in-view is enabled by default. Therefore, database queries may be performed during view rendering. Explicitly configure spring.jpa.open-in-view to disable this warning
2024-11-14T21:25:46.333+03:00  INFO 14660 --- [address-service] [restartedMain] o.s.b.a.w.s.WelcomePageHandlerMapping    : Adding welcome page template: index
2024-11-14T21:25:46.373+03:00 DEBUG 14660 --- [address-service] [restartedMain] s.w.s.m.m.a.RequestMappingHandlerMapping : 15 mappings in 'requestMappingHandlerMapping'
2024-11-14T21:25:46.686+03:00 DEBUG 14660 --- [address-service] [restartedMain] o.s.w.s.handler.SimpleUrlHandlerMapping  : Patterns [/webjars/**, /**, /swagger-ui*/*swagger-initializer.js, /swagger-ui*/**] in 'resourceHandlerMapping'
2024-11-14T21:25:46.709+03:00 DEBUG 14660 --- [address-service] [restartedMain] s.w.s.m.m.a.RequestMappingHandlerAdapter : ControllerAdvice beans: 0 @ModelAttribute, 0 @InitBinder, 1 RequestBodyAdvice, 1 ResponseBodyAdvice
2024-11-14T21:25:46.728+03:00 DEBUG 14660 --- [address-service] [restartedMain] .m.m.a.ExceptionHandlerExceptionResolver : ControllerAdvice beans: 1 @ExceptionHandler, 1 ResponseBodyAdvice
2024-11-14T21:25:47.093+03:00  WARN 14660 --- [address-service] [restartedMain] o.s.b.d.a.OptionalLiveReloadServer       : Unable to start LiveReload server
2024-11-14T21:25:47.181+03:00  INFO 14660 --- [address-service] [restartedMain] DiscoveryClientOptionalArgsConfiguration : Eureka HTTP Client uses RestTemplate.
2024-11-14T21:25:47.215+03:00  WARN 14660 --- [address-service] [restartedMain] iguration$LoadBalancerCaffeineWarnLogger : Spring Cloud LoadBalancer is currently working with the default cache. While this cache implementation is useful for development and tests, it's recommended to use Caffeine cache in production.You can switch to using Caffeine cache, by adding it and org.springframework.cache.caffeine.CaffeineCacheManager to the classpath.
2024-11-14T21:25:47.221+03:00  INFO 14660 --- [address-service] [restartedMain] o.s.b.a.e.web.EndpointLinksResolver      : Exposing 1 endpoint beneath base path '/actuator'
2024-11-14T21:25:47.267+03:00  INFO 14660 --- [address-service] [restartedMain] o.s.c.n.eureka.InstanceInfoFactory       : Setting initial instance status as: STARTING
2024-11-14T21:25:47.277+03:00  INFO 14660 --- [address-service] [restartedMain] com.netflix.discovery.DiscoveryClient    : Initializing Eureka in region us-east-1
2024-11-14T21:25:47.280+03:00  INFO 14660 --- [address-service] [restartedMain] c.n.d.s.r.aws.ConfigClusterResolver      : Resolving eureka endpoints via configuration
2024-11-14T21:25:47.284+03:00  INFO 14660 --- [address-service] [restartedMain] com.netflix.discovery.DiscoveryClient    : Disable delta property : false
2024-11-14T21:25:47.284+03:00  INFO 14660 --- [address-service] [restartedMain] com.netflix.discovery.DiscoveryClient    : Single vip registry refresh property : null
2024-11-14T21:25:47.284+03:00  INFO 14660 --- [address-service] [restartedMain] com.netflix.discovery.DiscoveryClient    : Force full registry fetch : false
2024-11-14T21:25:47.284+03:00  INFO 14660 --- [address-service] [restartedMain] com.netflix.discovery.DiscoveryClient    : Application is null : false
2024-11-14T21:25:47.284+03:00  INFO 14660 --- [address-service] [restartedMain] com.netflix.discovery.DiscoveryClient    : Registered Applications size is zero : true
2024-11-14T21:25:47.284+03:00  INFO 14660 --- [address-service] [restartedMain] com.netflix.discovery.DiscoveryClient    : Application version is -1: true
2024-11-14T21:25:47.284+03:00  INFO 14660 --- [address-service] [restartedMain] com.netflix.discovery.DiscoveryClient    : Getting all instance registry info from the eureka server
2024-11-14T21:25:47.358+03:00 DEBUG 14660 --- [address-service] [restartedMain] o.s.web.client.RestTemplate              : HTTP GET http://localhost:8761/eureka/apps/
2024-11-14T21:25:47.391+03:00 DEBUG 14660 --- [address-service] [restartedMain] o.s.web.client.RestTemplate              : Accept=[application/json, application/*+json]
2024-11-14T21:25:47.412+03:00 DEBUG 14660 --- [address-service] [restartedMain] o.s.web.client.RestTemplate              : Response 200 OK
2024-11-14T21:25:47.413+03:00 DEBUG 14660 --- [address-service] [restartedMain] o.s.web.client.RestTemplate              : Reading to [org.springframework.cloud.netflix.eureka.http.EurekaApplications]
2024-11-14T21:25:47.419+03:00  INFO 14660 --- [address-service] [restartedMain] com.netflix.discovery.DiscoveryClient    : The response status is 200
2024-11-14T21:25:47.420+03:00  INFO 14660 --- [address-service] [restartedMain] com.netflix.discovery.DiscoveryClient    : Starting heartbeat executor: renew interval is: 30
2024-11-14T21:25:47.421+03:00  INFO 14660 --- [address-service] [restartedMain] c.n.discovery.InstanceInfoReplicator     : InstanceInfoReplicator onDemand update allowed rate per min is 4
2024-11-14T21:25:47.422+03:00  INFO 14660 --- [address-service] [restartedMain] com.netflix.discovery.DiscoveryClient    : Discovery Client initialized at timestamp 1731608747421 with initial instances count: 2
2024-11-14T21:25:47.425+03:00  INFO 14660 --- [address-service] [restartedMain] o.s.c.n.e.s.EurekaServiceRegistry        : Registering application ADDRESS-SERVICE with eureka with status UP
2024-11-14T21:25:47.425+03:00  INFO 14660 --- [address-service] [restartedMain] com.netflix.discovery.DiscoveryClient    : Saw local status change event StatusChangeEvent [timestamp=1731608747425, current=UP, previous=STARTING]
2024-11-14T21:25:47.426+03:00  INFO 14660 --- [address-service] [DiscoveryClient-InstanceInfoReplicator-%d] com.netflix.discovery.DiscoveryClient    : DiscoveryClient_ADDRESS-SERVICE/Hamit-Mizrak:address-service:1111: registering service...
2024-11-14T21:25:47.428+03:00 DEBUG 14660 --- [address-service] [DiscoveryClient-InstanceInfoReplicator-%d] o.s.web.client.RestTemplate              : HTTP POST http://localhost:8761/eureka/apps/ADDRESS-SERVICE
2024-11-14T21:25:47.429+03:00 DEBUG 14660 --- [address-service] [DiscoveryClient-InstanceInfoReplicator-%d] o.s.web.client.RestTemplate              : Accept=[application/json, application/*+json]
2024-11-14T21:25:47.436+03:00 DEBUG 14660 --- [address-service] [DiscoveryClient-InstanceInfoReplicator-%d] o.s.web.client.RestTemplate              : Writing [InstanceInfo [instanceId = Hamit-Mizrak:address-service:1111, appName = ADDRESS-SERVICE, hostName = Hamit-Mizrak, status = UP, ipAddr = 192.168.1.4, port = 1111, securePort = 443, dataCenterInfo = com.netflix.appinfo.MyDataCenterInfo@35b38017] as "application/json"
2024-11-14T21:25:47.437+03:00  INFO 14660 --- [address-service] [restartedMain] o.s.b.w.embedded.tomcat.TomcatWebServer  : Tomcat started on port 1111 (http) with context path '/'
2024-11-14T21:25:47.437+03:00  INFO 14660 --- [address-service] [restartedMain] .s.c.n.e.s.EurekaAutoServiceRegistration : Updating port to 1111
2024-11-14T21:25:47.446+03:00 DEBUG 14660 --- [address-service] [DiscoveryClient-InstanceInfoReplicator-%d] o.s.web.client.RestTemplate              : Response 204 NO_CONTENT
2024-11-14T21:25:47.447+03:00  INFO 14660 --- [address-service] [DiscoveryClient-InstanceInfoReplicator-%d] com.netflix.discovery.DiscoveryClient    : DiscoveryClient_ADDRESS-SERVICE/Hamit-Mizrak:address-service:1111 - registration status: 204
2024-11-14T21:25:47.513+03:00  INFO 14660 --- [address-service] [restartedMain] c.h.a.AddressServiceApplication          : Started AddressServiceApplication in 4.688 seconds (process running for 5.073)
2024-11-14T21:25:47.518+03:00  INFO 14660 --- [address-service] [restartedMain] c.h.a.runner._1_ProjectDataSet           : 1.Data set çalıştı
2024-11-14T21:25:47.596+03:00  INFO 14660 --- [address-service] [restartedMain] c.h.a.runner._2_ProjectDataSet           : Project Data set -2 
2024-11-14T21:25:47.793+03:00  INFO 14660 --- [address-service] [RMI TCP Connection(2)-192.168.1.4] o.a.c.c.C.[Tomcat].[localhost].[/]       : Initializing Spring DispatcherServlet 'dispatcherServlet'
2024-11-14T21:25:47.793+03:00  INFO 14660 --- [address-service] [RMI TCP Connection(2)-192.168.1.4] o.s.web.servlet.DispatcherServlet        : Initializing Servlet 'dispatcherServlet'
2024-11-14T21:25:47.793+03:00 DEBUG 14660 --- [address-service] [RMI TCP Connection(2)-192.168.1.4] o.s.web.servlet.DispatcherServlet        : Detected StandardServletMultipartResolver
2024-11-14T21:25:47.793+03:00 DEBUG 14660 --- [address-service] [RMI TCP Connection(2)-192.168.1.4] o.s.web.servlet.DispatcherServlet        : Detected AcceptHeaderLocaleResolver
2024-11-14T21:25:47.793+03:00 DEBUG 14660 --- [address-service] [RMI TCP Connection(2)-192.168.1.4] o.s.web.servlet.DispatcherServlet        : Detected FixedThemeResolver
2024-11-14T21:25:47.794+03:00 DEBUG 14660 --- [address-service] [RMI TCP Connection(2)-192.168.1.4] o.s.web.servlet.DispatcherServlet        : Detected org.springframework.web.servlet.view.DefaultRequestToViewNameTranslator@6c0ce8a2
2024-11-14T21:25:47.794+03:00 DEBUG 14660 --- [address-service] [RMI TCP Connection(2)-192.168.1.4] o.s.web.servlet.DispatcherServlet        : Detected org.springframework.web.servlet.support.SessionFlashMapManager@6f96c301
2024-11-14T21:25:47.794+03:00 DEBUG 14660 --- [address-service] [RMI TCP Connection(2)-192.168.1.4] o.s.web.servlet.DispatcherServlet        : enableLoggingRequestDetails='false': request parameters and headers will be masked to prevent unsafe logging of potentially sensitive data
2024-11-14T21:25:47.795+03:00  INFO 14660 --- [address-service] [RMI TCP Connection(2)-192.168.1.4] o.s.web.servlet.DispatcherServlet        : Completed initialization in 1 ms
2024-11-14T21:26:02.827+03:00  INFO 14660 --- [address-service] [SpringApplicationShutdownHook] o.s.c.n.e.s.EurekaServiceRegistry        : Unregistering application ADDRESS-SERVICE with eureka with status DOWN
2024-11-14T21:26:02.827+03:00  INFO 14660 --- [address-service] [SpringApplicationShutdownHook] com.netflix.discovery.DiscoveryClient    : Saw local status change event StatusChangeEvent [timestamp=1731608762827, current=DOWN, previous=UP]
2024-11-14T21:26:02.827+03:00  INFO 14660 --- [address-service] [DiscoveryClient-InstanceInfoReplicator-%d] com.netflix.discovery.DiscoveryClient    : DiscoveryClient_ADDRESS-SERVICE/Hamit-Mizrak:address-service:1111: registering service...
2024-11-14T21:26:02.827+03:00 DEBUG 14660 --- [address-service] [DiscoveryClient-InstanceInfoReplicator-%d] o.s.web.client.RestTemplate              : HTTP POST http://localhost:8761/eureka/apps/ADDRESS-SERVICE
2024-11-14T21:26:02.827+03:00 DEBUG 14660 --- [address-service] [DiscoveryClient-InstanceInfoReplicator-%d] o.s.web.client.RestTemplate              : Accept=[application/json, application/*+json]
2024-11-14T21:26:02.827+03:00 DEBUG 14660 --- [address-service] [DiscoveryClient-InstanceInfoReplicator-%d] o.s.web.client.RestTemplate              : Writing [InstanceInfo [instanceId = Hamit-Mizrak:address-service:1111, appName = ADDRESS-SERVICE, hostName = Hamit-Mizrak, status = DOWN, ipAddr = 192.168.1.4, port = 1111, securePort = 443, dataCenterInfo = com.netflix.appinfo.MyDataCenterInfo@35b38017] as "application/json"
2024-11-14T21:26:02.830+03:00 DEBUG 14660 --- [address-service] [DiscoveryClient-InstanceInfoReplicator-%d] o.s.web.client.RestTemplate              : Response 204 NO_CONTENT
2024-11-14T21:26:02.830+03:00  INFO 14660 --- [address-service] [DiscoveryClient-InstanceInfoReplicator-%d] com.netflix.discovery.DiscoveryClient    : DiscoveryClient_ADDRESS-SERVICE/Hamit-Mizrak:address-service:1111 - registration status: 204
2024-11-14T21:26:02.973+03:00  INFO 14660 --- [address-service] [SpringApplicationShutdownHook] j.LocalContainerEntityManagerFactoryBean : Closing JPA EntityManagerFactory for persistence unit 'default'
2024-11-14T21:26:03.057+03:00  INFO 14660 --- [address-service] [SpringApplicationShutdownHook] com.zaxxer.hikari.HikariDataSource       : HikariPool-1 - Shutdown initiated...
2024-11-14T21:26:03.100+03:00  INFO 14660 --- [address-service] [SpringApplicationShutdownHook] com.zaxxer.hikari.HikariDataSource       : HikariPool-1 - Shutdown completed.
2024-11-14T21:26:03.101+03:00  INFO 14660 --- [address-service] [SpringApplicationShutdownHook] com.netflix.discovery.DiscoveryClient    : Shutting down DiscoveryClient ...
2024-11-14T21:26:06.115+03:00  INFO 14660 --- [address-service] [SpringApplicationShutdownHook] com.netflix.discovery.DiscoveryClient    : Unregistering ...
2024-11-14T21:26:06.116+03:00 DEBUG 14660 --- [address-service] [SpringApplicationShutdownHook] o.s.web.client.RestTemplate              : HTTP DELETE http://localhost:8761/eureka/apps/ADDRESS-SERVICE/Hamit-Mizrak:address-service:1111
2024-11-14T21:26:06.118+03:00 DEBUG 14660 --- [address-service] [SpringApplicationShutdownHook] o.s.web.client.RestTemplate              : Accept=[application/json, application/*+json]
2024-11-14T21:26:06.127+03:00 DEBUG 14660 --- [address-service] [SpringApplicationShutdownHook] o.s.web.client.RestTemplate              : Response 200 OK
2024-11-14T21:26:06.128+03:00  INFO 14660 --- [address-service] [SpringApplicationShutdownHook] com.netflix.discovery.DiscoveryClient    : DiscoveryClient_ADDRESS-SERVICE/Hamit-Mizrak:address-service:1111 - deregister  status: 200
2024-11-14T21:26:06.128+03:00  INFO 14660 --- [address-service] [SpringApplicationShutdownHook] com.netflix.discovery.DiscoveryClient    : Completed shut down of DiscoveryClient
2024-11-14T21:26:33.836+03:00  INFO 22956 --- [address-service] [restartedMain] c.h.a.AddressServiceApplication          : Starting AddressServiceApplication using Java 17.0.5 with PID 22956 (E:\1_Kodlar\Microservices\thy_microservice\parent_pom\address-service\target\classes started by Hamit-Mizrak in E:\1_Kodlar\Microservices\thy_microservice\parent_pom)
2024-11-14T21:26:33.836+03:00  INFO 22956 --- [address-service] [restartedMain] c.h.a.AddressServiceApplication          : No active profile set, falling back to 1 default profile: "default"
2024-11-14T21:26:33.867+03:00  INFO 22956 --- [address-service] [restartedMain] o.s.c.c.c.ConfigServerConfigDataLoader   : Fetching config from server at : http://localhost:8888
2024-11-14T21:26:33.867+03:00  INFO 22956 --- [address-service] [restartedMain] o.s.c.c.c.ConfigServerConfigDataLoader   : Located environment: name=address-service, profiles=[default], label=null, version=bcf3772f2453e9dc463b5e32b3de72fbe1cfda5b, state=null
2024-11-14T21:26:33.868+03:00  INFO 22956 --- [address-service] [restartedMain] .e.DevToolsPropertyDefaultsPostProcessor : Devtools property defaults active! Set 'spring.devtools.add-properties' to 'false' to disable
2024-11-14T21:26:33.868+03:00  INFO 22956 --- [address-service] [restartedMain] .e.DevToolsPropertyDefaultsPostProcessor : For additional web related logging consider setting the 'logging.level.web' property to 'DEBUG'
2024-11-14T21:26:34.333+03:00  INFO 22956 --- [address-service] [restartedMain] .s.d.r.c.RepositoryConfigurationDelegate : Bootstrapping Spring Data JPA repositories in DEFAULT mode.
2024-11-14T21:26:34.396+03:00  INFO 22956 --- [address-service] [restartedMain] .s.d.r.c.RepositoryConfigurationDelegate : Finished Spring Data repository scanning in 59 ms. Found 1 JPA repository interface.
2024-11-14T21:26:34.533+03:00  INFO 22956 --- [address-service] [restartedMain] o.s.cloud.context.scope.GenericScope     : BeanFactory id=99d94501-f467-31aa-a1dd-2a854144b4ca
2024-11-14T21:26:34.686+03:00  WARN 22956 --- [address-service] [restartedMain] trationDelegate$BeanPostProcessorChecker : Bean 'org.springframework.cloud.client.loadbalancer.LoadBalancerAutoConfiguration$DeferringLoadBalancerInterceptorConfig' of type [org.springframework.cloud.client.loadbalancer.LoadBalancerAutoConfiguration$DeferringLoadBalancerInterceptorConfig] is not eligible for getting processed by all BeanPostProcessors (for example: not eligible for auto-proxying). The currently created BeanPostProcessor [lbRestClientPostProcessor] is declared through a non-static factory method on that class; consider declaring it as static instead.
2024-11-14T21:26:34.687+03:00  WARN 22956 --- [address-service] [restartedMain] trationDelegate$BeanPostProcessorChecker : Bean 'deferringLoadBalancerInterceptor' of type [org.springframework.cloud.client.loadbalancer.DeferringLoadBalancerInterceptor] is not eligible for getting processed by all BeanPostProcessors (for example: not eligible for auto-proxying). Is this bean getting eagerly injected into a currently created BeanPostProcessor [lbRestClientPostProcessor]? Check the corresponding BeanPostProcessor declaration and its dependencies.
2024-11-14T21:26:34.866+03:00  INFO 22956 --- [address-service] [restartedMain] o.s.b.w.embedded.tomcat.TomcatWebServer  : Tomcat initialized with port 1111 (http)
2024-11-14T21:26:34.871+03:00  INFO 22956 --- [address-service] [restartedMain] o.apache.catalina.core.StandardService   : Starting service [Tomcat]
2024-11-14T21:26:34.871+03:00  INFO 22956 --- [address-service] [restartedMain] o.apache.catalina.core.StandardEngine    : Starting Servlet engine: [Apache Tomcat/10.1.25]
2024-11-14T21:26:34.903+03:00  INFO 22956 --- [address-service] [restartedMain] o.a.c.c.C.[Tomcat].[localhost].[/]       : Initializing Spring embedded WebApplicationContext
2024-11-14T21:26:34.903+03:00  INFO 22956 --- [address-service] [restartedMain] w.s.c.ServletWebServerApplicationContext : Root WebApplicationContext: initialization completed in 1035 ms
2024-11-14T21:26:34.966+03:00  INFO 22956 --- [address-service] [restartedMain] com.zaxxer.hikari.HikariDataSource       : HikariPool-1 - Starting...
2024-11-14T21:26:35.044+03:00  INFO 22956 --- [address-service] [restartedMain] com.zaxxer.hikari.pool.HikariPool        : HikariPool-1 - Added connection conn0: url=jdbc:h2:file:./database_memory_persist/blog user=SA
2024-11-14T21:26:35.045+03:00  INFO 22956 --- [address-service] [restartedMain] com.zaxxer.hikari.HikariDataSource       : HikariPool-1 - Start completed.
2024-11-14T21:26:35.050+03:00  INFO 22956 --- [address-service] [restartedMain] o.s.b.a.h2.H2ConsoleAutoConfiguration    : H2 console available at '/h2-console'. Database available at 'jdbc:h2:file:./database_memory_persist/blog'
2024-11-14T21:26:35.107+03:00 DEBUG 22956 --- [address-service] [restartedMain] o.s.w.f.ServerHttpObservationFilter      : Filter 'webMvcObservationFilter' configured for use
2024-11-14T21:26:35.107+03:00 DEBUG 22956 --- [address-service] [restartedMain] o.s.w.s.r.ResourceUrlEncodingFilter      : Filter 'resourceUrlEncodingFilter' configured for use
2024-11-14T21:26:35.343+03:00  INFO 22956 --- [address-service] [restartedMain] o.s.o.j.p.SpringPersistenceUnitInfo      : No LoadTimeWeaver setup: ignoring JPA class transformer
2024-11-14T21:26:35.784+03:00  INFO 22956 --- [address-service] [restartedMain] j.LocalContainerEntityManagerFactoryBean : Initialized JPA EntityManagerFactory for persistence unit 'default'
2024-11-14T21:26:36.057+03:00  WARN 22956 --- [address-service] [restartedMain] JpaBaseConfiguration$JpaWebConfiguration : spring.jpa.open-in-view is enabled by default. Therefore, database queries may be performed during view rendering. Explicitly configure spring.jpa.open-in-view to disable this warning
2024-11-14T21:26:36.079+03:00  INFO 22956 --- [address-service] [restartedMain] o.s.b.a.w.s.WelcomePageHandlerMapping    : Adding welcome page template: index
2024-11-14T21:26:36.122+03:00 DEBUG 22956 --- [address-service] [restartedMain] s.w.s.m.m.a.RequestMappingHandlerMapping : 15 mappings in 'requestMappingHandlerMapping'
2024-11-14T21:26:36.431+03:00 DEBUG 22956 --- [address-service] [restartedMain] o.s.w.s.handler.SimpleUrlHandlerMapping  : Patterns [/webjars/**, /**, /swagger-ui*/*swagger-initializer.js, /swagger-ui*/**] in 'resourceHandlerMapping'
2024-11-14T21:26:36.456+03:00 DEBUG 22956 --- [address-service] [restartedMain] s.w.s.m.m.a.RequestMappingHandlerAdapter : ControllerAdvice beans: 0 @ModelAttribute, 0 @InitBinder, 1 RequestBodyAdvice, 1 ResponseBodyAdvice
2024-11-14T21:26:36.474+03:00 DEBUG 22956 --- [address-service] [restartedMain] .m.m.a.ExceptionHandlerExceptionResolver : ControllerAdvice beans: 1 @ExceptionHandler, 1 ResponseBodyAdvice
2024-11-14T21:26:36.857+03:00  WARN 22956 --- [address-service] [restartedMain] o.s.b.d.a.OptionalLiveReloadServer       : Unable to start LiveReload server
2024-11-14T21:26:36.935+03:00  INFO 22956 --- [address-service] [restartedMain] DiscoveryClientOptionalArgsConfiguration : Eureka HTTP Client uses RestTemplate.
2024-11-14T21:26:36.957+03:00  WARN 22956 --- [address-service] [restartedMain] iguration$LoadBalancerCaffeineWarnLogger : Spring Cloud LoadBalancer is currently working with the default cache. While this cache implementation is useful for development and tests, it's recommended to use Caffeine cache in production.You can switch to using Caffeine cache, by adding it and org.springframework.cache.caffeine.CaffeineCacheManager to the classpath.
2024-11-14T21:26:36.961+03:00  INFO 22956 --- [address-service] [restartedMain] o.s.b.a.e.web.EndpointLinksResolver      : Exposing 1 endpoint beneath base path '/actuator'
2024-11-14T21:26:37.004+03:00  INFO 22956 --- [address-service] [restartedMain] o.s.c.n.eureka.InstanceInfoFactory       : Setting initial instance status as: STARTING
2024-11-14T21:26:37.013+03:00  INFO 22956 --- [address-service] [restartedMain] com.netflix.discovery.DiscoveryClient    : Initializing Eureka in region us-east-1
2024-11-14T21:26:37.015+03:00  INFO 22956 --- [address-service] [restartedMain] c.n.d.s.r.aws.ConfigClusterResolver      : Resolving eureka endpoints via configuration
2024-11-14T21:26:37.018+03:00  INFO 22956 --- [address-service] [restartedMain] com.netflix.discovery.DiscoveryClient    : Disable delta property : false
2024-11-14T21:26:37.018+03:00  INFO 22956 --- [address-service] [restartedMain] com.netflix.discovery.DiscoveryClient    : Single vip registry refresh property : null
2024-11-14T21:26:37.018+03:00  INFO 22956 --- [address-service] [restartedMain] com.netflix.discovery.DiscoveryClient    : Force full registry fetch : false
2024-11-14T21:26:37.018+03:00  INFO 22956 --- [address-service] [restartedMain] com.netflix.discovery.DiscoveryClient    : Application is null : false
2024-11-14T21:26:37.018+03:00  INFO 22956 --- [address-service] [restartedMain] com.netflix.discovery.DiscoveryClient    : Registered Applications size is zero : true
2024-11-14T21:26:37.018+03:00  INFO 22956 --- [address-service] [restartedMain] com.netflix.discovery.DiscoveryClient    : Application version is -1: true
2024-11-14T21:26:37.018+03:00  INFO 22956 --- [address-service] [restartedMain] com.netflix.discovery.DiscoveryClient    : Getting all instance registry info from the eureka server
2024-11-14T21:26:37.083+03:00 DEBUG 22956 --- [address-service] [restartedMain] o.s.web.client.RestTemplate              : HTTP GET http://localhost:8761/eureka/apps/
2024-11-14T21:26:37.117+03:00 DEBUG 22956 --- [address-service] [restartedMain] o.s.web.client.RestTemplate              : Accept=[application/json, application/*+json]
2024-11-14T21:26:37.140+03:00 DEBUG 22956 --- [address-service] [restartedMain] o.s.web.client.RestTemplate              : Response 200 OK
2024-11-14T21:26:37.141+03:00 DEBUG 22956 --- [address-service] [restartedMain] o.s.web.client.RestTemplate              : Reading to [org.springframework.cloud.netflix.eureka.http.EurekaApplications]
2024-11-14T21:26:37.148+03:00  INFO 22956 --- [address-service] [restartedMain] com.netflix.discovery.DiscoveryClient    : The response status is 200
2024-11-14T21:26:37.149+03:00  INFO 22956 --- [address-service] [restartedMain] com.netflix.discovery.DiscoveryClient    : Starting heartbeat executor: renew interval is: 30
2024-11-14T21:26:37.150+03:00  INFO 22956 --- [address-service] [restartedMain] c.n.discovery.InstanceInfoReplicator     : InstanceInfoReplicator onDemand update allowed rate per min is 4
2024-11-14T21:26:37.150+03:00  INFO 22956 --- [address-service] [restartedMain] com.netflix.discovery.DiscoveryClient    : Discovery Client initialized at timestamp 1731608797150 with initial instances count: 2
2024-11-14T21:26:37.153+03:00  INFO 22956 --- [address-service] [restartedMain] o.s.c.n.e.s.EurekaServiceRegistry        : Registering application ADDRESS-SERVICE with eureka with status UP
2024-11-14T21:26:37.154+03:00  INFO 22956 --- [address-service] [restartedMain] com.netflix.discovery.DiscoveryClient    : Saw local status change event StatusChangeEvent [timestamp=1731608797154, current=UP, previous=STARTING]
2024-11-14T21:26:37.155+03:00  INFO 22956 --- [address-service] [DiscoveryClient-InstanceInfoReplicator-%d] com.netflix.discovery.DiscoveryClient    : DiscoveryClient_ADDRESS-SERVICE/Hamit-Mizrak:address-service:1111: registering service...
2024-11-14T21:26:37.158+03:00 DEBUG 22956 --- [address-service] [DiscoveryClient-InstanceInfoReplicator-%d] o.s.web.client.RestTemplate              : HTTP POST http://localhost:8761/eureka/apps/ADDRESS-SERVICE
2024-11-14T21:26:37.160+03:00 DEBUG 22956 --- [address-service] [DiscoveryClient-InstanceInfoReplicator-%d] o.s.web.client.RestTemplate              : Accept=[application/json, application/*+json]
2024-11-14T21:26:37.168+03:00 DEBUG 22956 --- [address-service] [DiscoveryClient-InstanceInfoReplicator-%d] o.s.web.client.RestTemplate              : Writing [InstanceInfo [instanceId = Hamit-Mizrak:address-service:1111, appName = ADDRESS-SERVICE, hostName = Hamit-Mizrak, status = UP, ipAddr = 192.168.1.4, port = 1111, securePort = 443, dataCenterInfo = com.netflix.appinfo.MyDataCenterInfo@63c538da] as "application/json"
2024-11-14T21:26:37.169+03:00  INFO 22956 --- [address-service] [restartedMain] o.s.b.w.embedded.tomcat.TomcatWebServer  : Tomcat started on port 1111 (http) with context path '/'
2024-11-14T21:26:37.169+03:00  INFO 22956 --- [address-service] [restartedMain] .s.c.n.e.s.EurekaAutoServiceRegistration : Updating port to 1111
2024-11-14T21:26:37.179+03:00 DEBUG 22956 --- [address-service] [DiscoveryClient-InstanceInfoReplicator-%d] o.s.web.client.RestTemplate              : Response 204 NO_CONTENT
2024-11-14T21:26:37.179+03:00  INFO 22956 --- [address-service] [DiscoveryClient-InstanceInfoReplicator-%d] com.netflix.discovery.DiscoveryClient    : DiscoveryClient_ADDRESS-SERVICE/Hamit-Mizrak:address-service:1111 - registration status: 204
2024-11-14T21:26:37.246+03:00  INFO 22956 --- [address-service] [restartedMain] c.h.a.AddressServiceApplication          : Started AddressServiceApplication in 4.593 seconds (process running for 4.972)
2024-11-14T21:26:37.251+03:00  INFO 22956 --- [address-service] [restartedMain] c.h.a.runner._1_ProjectDataSet           : 1.Data set çalıştı
2024-11-14T21:26:37.331+03:00  INFO 22956 --- [address-service] [restartedMain] c.h.a.runner._2_ProjectDataSet           : Project Data set -2 
2024-11-14T21:26:37.652+03:00  INFO 22956 --- [address-service] [RMI TCP Connection(2)-192.168.1.4] o.a.c.c.C.[Tomcat].[localhost].[/]       : Initializing Spring DispatcherServlet 'dispatcherServlet'
2024-11-14T21:26:37.652+03:00  INFO 22956 --- [address-service] [RMI TCP Connection(2)-192.168.1.4] o.s.web.servlet.DispatcherServlet        : Initializing Servlet 'dispatcherServlet'
2024-11-14T21:26:37.652+03:00 DEBUG 22956 --- [address-service] [RMI TCP Connection(2)-192.168.1.4] o.s.web.servlet.DispatcherServlet        : Detected StandardServletMultipartResolver
2024-11-14T21:26:37.652+03:00 DEBUG 22956 --- [address-service] [RMI TCP Connection(2)-192.168.1.4] o.s.web.servlet.DispatcherServlet        : Detected AcceptHeaderLocaleResolver
2024-11-14T21:26:37.652+03:00 DEBUG 22956 --- [address-service] [RMI TCP Connection(2)-192.168.1.4] o.s.web.servlet.DispatcherServlet        : Detected FixedThemeResolver
2024-11-14T21:26:37.653+03:00 DEBUG 22956 --- [address-service] [RMI TCP Connection(2)-192.168.1.4] o.s.web.servlet.DispatcherServlet        : Detected org.springframework.web.servlet.view.DefaultRequestToViewNameTranslator@30a6cfc0
2024-11-14T21:26:37.653+03:00 DEBUG 22956 --- [address-service] [RMI TCP Connection(2)-192.168.1.4] o.s.web.servlet.DispatcherServlet        : Detected org.springframework.web.servlet.support.SessionFlashMapManager@1c62e1c0
2024-11-14T21:26:37.653+03:00 DEBUG 22956 --- [address-service] [RMI TCP Connection(2)-192.168.1.4] o.s.web.servlet.DispatcherServlet        : enableLoggingRequestDetails='false': request parameters and headers will be masked to prevent unsafe logging of potentially sensitive data
2024-11-14T21:26:37.653+03:00  INFO 22956 --- [address-service] [RMI TCP Connection(2)-192.168.1.4] o.s.web.servlet.DispatcherServlet        : Completed initialization in 1 ms
2024-11-14T21:27:07.158+03:00 DEBUG 22956 --- [address-service] [DiscoveryClient-CacheRefreshExecutor-%d] o.s.web.client.RestTemplate              : HTTP GET http://localhost:8761/eureka/apps/delta
2024-11-14T21:27:07.160+03:00 DEBUG 22956 --- [address-service] [DiscoveryClient-CacheRefreshExecutor-%d] o.s.web.client.RestTemplate              : Accept=[application/json, application/*+json]
2024-11-14T21:27:07.160+03:00 DEBUG 22956 --- [address-service] [DiscoveryClient-HeartbeatExecutor-%d] o.s.web.client.RestTemplate              : HTTP PUT http://localhost:8761/eureka/apps/ADDRESS-SERVICE/Hamit-Mizrak:address-service:1111?status=UP&lastDirtyTimestamp=1731608797154
2024-11-14T21:27:07.168+03:00 DEBUG 22956 --- [address-service] [DiscoveryClient-CacheRefreshExecutor-%d] o.s.web.client.RestTemplate              : Response 200 OK
2024-11-14T21:27:07.168+03:00 DEBUG 22956 --- [address-service] [DiscoveryClient-HeartbeatExecutor-%d] o.s.web.client.RestTemplate              : Accept=[application/json, application/*+json]
2024-11-14T21:27:07.168+03:00 DEBUG 22956 --- [address-service] [DiscoveryClient-CacheRefreshExecutor-%d] o.s.web.client.RestTemplate              : Reading to [org.springframework.cloud.netflix.eureka.http.EurekaApplications]
2024-11-14T21:27:07.173+03:00 DEBUG 22956 --- [address-service] [DiscoveryClient-HeartbeatExecutor-%d] o.s.web.client.RestTemplate              : Response 200 OK
2024-11-14T21:27:37.179+03:00 DEBUG 22956 --- [address-service] [DiscoveryClient-CacheRefreshExecutor-%d] o.s.web.client.RestTemplate              : HTTP GET http://localhost:8761/eureka/apps/delta
2024-11-14T21:27:37.179+03:00 DEBUG 22956 --- [address-service] [DiscoveryClient-HeartbeatExecutor-%d] o.s.web.client.RestTemplate              : HTTP PUT http://localhost:8761/eureka/apps/ADDRESS-SERVICE/Hamit-Mizrak:address-service:1111?status=UP&lastDirtyTimestamp=1731608797154
2024-11-14T21:27:37.179+03:00 DEBUG 22956 --- [address-service] [DiscoveryClient-HeartbeatExecutor-%d] o.s.web.client.RestTemplate              : Accept=[application/json, application/*+json]
2024-11-14T21:27:37.180+03:00 DEBUG 22956 --- [address-service] [DiscoveryClient-CacheRefreshExecutor-%d] o.s.web.client.RestTemplate              : Accept=[application/json, application/*+json]
2024-11-14T21:27:37.182+03:00 DEBUG 22956 --- [address-service] [DiscoveryClient-HeartbeatExecutor-%d] o.s.web.client.RestTemplate              : Response 200 OK
2024-11-14T21:27:37.182+03:00 DEBUG 22956 --- [address-service] [DiscoveryClient-CacheRefreshExecutor-%d] o.s.web.client.RestTemplate              : Response 200 OK
2024-11-14T21:27:37.183+03:00 DEBUG 22956 --- [address-service] [DiscoveryClient-CacheRefreshExecutor-%d] o.s.web.client.RestTemplate              : Reading to [org.springframework.cloud.netflix.eureka.http.EurekaApplications]
2024-11-14T21:28:06.186+03:00  INFO 22956 --- [address-service] [SpringApplicationShutdownHook] o.s.c.n.e.s.EurekaServiceRegistry        : Unregistering application ADDRESS-SERVICE with eureka with status DOWN
2024-11-14T21:28:06.187+03:00  INFO 22956 --- [address-service] [SpringApplicationShutdownHook] com.netflix.discovery.DiscoveryClient    : Saw local status change event StatusChangeEvent [timestamp=1731608886187, current=DOWN, previous=UP]
2024-11-14T21:28:06.187+03:00  INFO 22956 --- [address-service] [DiscoveryClient-InstanceInfoReplicator-%d] com.netflix.discovery.DiscoveryClient    : DiscoveryClient_ADDRESS-SERVICE/Hamit-Mizrak:address-service:1111: registering service...
2024-11-14T21:28:06.187+03:00 DEBUG 22956 --- [address-service] [DiscoveryClient-InstanceInfoReplicator-%d] o.s.web.client.RestTemplate              : HTTP POST http://localhost:8761/eureka/apps/ADDRESS-SERVICE
2024-11-14T21:28:06.187+03:00 DEBUG 22956 --- [address-service] [DiscoveryClient-InstanceInfoReplicator-%d] o.s.web.client.RestTemplate              : Accept=[application/json, application/*+json]
2024-11-14T21:28:06.187+03:00 DEBUG 22956 --- [address-service] [DiscoveryClient-InstanceInfoReplicator-%d] o.s.web.client.RestTemplate              : Writing [InstanceInfo [instanceId = Hamit-Mizrak:address-service:1111, appName = ADDRESS-SERVICE, hostName = Hamit-Mizrak, status = DOWN, ipAddr = 192.168.1.4, port = 1111, securePort = 443, dataCenterInfo = com.netflix.appinfo.MyDataCenterInfo@63c538da] as "application/json"
2024-11-14T21:28:06.191+03:00 DEBUG 22956 --- [address-service] [DiscoveryClient-InstanceInfoReplicator-%d] o.s.web.client.RestTemplate              : Response 204 NO_CONTENT
2024-11-14T21:28:06.191+03:00  INFO 22956 --- [address-service] [DiscoveryClient-InstanceInfoReplicator-%d] com.netflix.discovery.DiscoveryClient    : DiscoveryClient_ADDRESS-SERVICE/Hamit-Mizrak:address-service:1111 - registration status: 204
2024-11-14T21:28:06.324+03:00  INFO 22956 --- [address-service] [SpringApplicationShutdownHook] j.LocalContainerEntityManagerFactoryBean : Closing JPA EntityManagerFactory for persistence unit 'default'
2024-11-14T21:28:06.340+03:00  INFO 22956 --- [address-service] [SpringApplicationShutdownHook] com.zaxxer.hikari.HikariDataSource       : HikariPool-1 - Shutdown initiated...
2024-11-14T21:28:06.379+03:00  INFO 22956 --- [address-service] [SpringApplicationShutdownHook] com.zaxxer.hikari.HikariDataSource       : HikariPool-1 - Shutdown completed.
2024-11-14T21:28:06.379+03:00  INFO 22956 --- [address-service] [SpringApplicationShutdownHook] com.netflix.discovery.DiscoveryClient    : Shutting down DiscoveryClient ...
2024-11-14T21:28:07.194+03:00 DEBUG 22956 --- [address-service] [DiscoveryClient-HeartbeatExecutor-%d] o.s.web.client.RestTemplate              : HTTP PUT http://localhost:8761/eureka/apps/ADDRESS-SERVICE/Hamit-Mizrak:address-service:1111?status=DOWN&lastDirtyTimestamp=1731608886187
2024-11-14T21:28:07.194+03:00 DEBUG 22956 --- [address-service] [DiscoveryClient-CacheRefreshExecutor-%d] o.s.web.client.RestTemplate              : HTTP GET http://localhost:8761/eureka/apps/delta
2024-11-14T21:28:07.196+03:00 DEBUG 22956 --- [address-service] [DiscoveryClient-HeartbeatExecutor-%d] o.s.web.client.RestTemplate              : Accept=[application/json, application/*+json]
2024-11-14T21:28:07.196+03:00 DEBUG 22956 --- [address-service] [DiscoveryClient-CacheRefreshExecutor-%d] o.s.web.client.RestTemplate              : Accept=[application/json, application/*+json]
2024-11-14T21:28:07.202+03:00 DEBUG 22956 --- [address-service] [DiscoveryClient-HeartbeatExecutor-%d] o.s.web.client.RestTemplate              : Response 200 OK
2024-11-14T21:28:07.202+03:00 DEBUG 22956 --- [address-service] [DiscoveryClient-CacheRefreshExecutor-%d] o.s.web.client.RestTemplate              : Response 200 OK
2024-11-14T21:28:07.202+03:00 DEBUG 22956 --- [address-service] [DiscoveryClient-CacheRefreshExecutor-%d] o.s.web.client.RestTemplate              : Reading to [org.springframework.cloud.netflix.eureka.http.EurekaApplications]
2024-11-14T21:28:09.391+03:00  INFO 22956 --- [address-service] [SpringApplicationShutdownHook] com.netflix.discovery.DiscoveryClient    : Unregistering ...
2024-11-14T21:28:09.392+03:00  WARN 22956 --- [address-service] [DiscoveryClient-%d] c.netflix.discovery.TimedSupervisorTask  : task supervisor shutting down, can't accept the task
2024-11-14T21:28:09.394+03:00 DEBUG 22956 --- [address-service] [SpringApplicationShutdownHook] o.s.web.client.RestTemplate              : HTTP DELETE http://localhost:8761/eureka/apps/ADDRESS-SERVICE/Hamit-Mizrak:address-service:1111
2024-11-14T21:28:09.396+03:00 DEBUG 22956 --- [address-service] [SpringApplicationShutdownHook] o.s.web.client.RestTemplate              : Accept=[application/json, application/*+json]
2024-11-14T21:28:09.403+03:00 DEBUG 22956 --- [address-service] [SpringApplicationShutdownHook] o.s.web.client.RestTemplate              : Response 200 OK
2024-11-14T21:28:09.403+03:00  INFO 22956 --- [address-service] [SpringApplicationShutdownHook] com.netflix.discovery.DiscoveryClient    : DiscoveryClient_ADDRESS-SERVICE/Hamit-Mizrak:address-service:1111 - deregister  status: 200
2024-11-14T21:28:09.403+03:00  INFO 22956 --- [address-service] [SpringApplicationShutdownHook] com.netflix.discovery.DiscoveryClient    : Completed shut down of DiscoveryClient
2024-11-14T21:28:17.406+03:00  INFO 15312 --- [address-service] [restartedMain] c.h.a.AddressServiceApplication          : Starting AddressServiceApplication using Java 17.0.5 with PID 15312 (E:\1_Kodlar\Microservices\thy_microservice\parent_pom\address-service\target\classes started by Hamit-Mizrak in E:\1_Kodlar\Microservices\thy_microservice\parent_pom)
2024-11-14T21:28:17.407+03:00  INFO 15312 --- [address-service] [restartedMain] c.h.a.AddressServiceApplication          : No active profile set, falling back to 1 default profile: "default"
2024-11-14T21:28:17.434+03:00  INFO 15312 --- [address-service] [restartedMain] o.s.c.c.c.ConfigServerConfigDataLoader   : Fetching config from server at : http://localhost:8888
2024-11-14T21:28:17.434+03:00  INFO 15312 --- [address-service] [restartedMain] o.s.c.c.c.ConfigServerConfigDataLoader   : Located environment: name=address-service, profiles=[default], label=null, version=bcf3772f2453e9dc463b5e32b3de72fbe1cfda5b, state=null
2024-11-14T21:28:17.435+03:00  INFO 15312 --- [address-service] [restartedMain] .e.DevToolsPropertyDefaultsPostProcessor : Devtools property defaults active! Set 'spring.devtools.add-properties' to 'false' to disable
2024-11-14T21:28:17.435+03:00  INFO 15312 --- [address-service] [restartedMain] .e.DevToolsPropertyDefaultsPostProcessor : For additional web related logging consider setting the 'logging.level.web' property to 'DEBUG'
2024-11-14T21:28:17.936+03:00  INFO 15312 --- [address-service] [restartedMain] .s.d.r.c.RepositoryConfigurationDelegate : Bootstrapping Spring Data JPA repositories in DEFAULT mode.
2024-11-14T21:28:18.002+03:00  INFO 15312 --- [address-service] [restartedMain] .s.d.r.c.RepositoryConfigurationDelegate : Finished Spring Data repository scanning in 63 ms. Found 1 JPA repository interface.
2024-11-14T21:28:18.135+03:00  INFO 15312 --- [address-service] [restartedMain] o.s.cloud.context.scope.GenericScope     : BeanFactory id=99d94501-f467-31aa-a1dd-2a854144b4ca
2024-11-14T21:28:18.276+03:00  WARN 15312 --- [address-service] [restartedMain] trationDelegate$BeanPostProcessorChecker : Bean 'org.springframework.cloud.client.loadbalancer.LoadBalancerAutoConfiguration$DeferringLoadBalancerInterceptorConfig' of type [org.springframework.cloud.client.loadbalancer.LoadBalancerAutoConfiguration$DeferringLoadBalancerInterceptorConfig] is not eligible for getting processed by all BeanPostProcessors (for example: not eligible for auto-proxying). The currently created BeanPostProcessor [lbRestClientPostProcessor] is declared through a non-static factory method on that class; consider declaring it as static instead.
2024-11-14T21:28:18.277+03:00  WARN 15312 --- [address-service] [restartedMain] trationDelegate$BeanPostProcessorChecker : Bean 'deferringLoadBalancerInterceptor' of type [org.springframework.cloud.client.loadbalancer.DeferringLoadBalancerInterceptor] is not eligible for getting processed by all BeanPostProcessors (for example: not eligible for auto-proxying). Is this bean getting eagerly injected into a currently created BeanPostProcessor [lbRestClientPostProcessor]? Check the corresponding BeanPostProcessor declaration and its dependencies.
2024-11-14T21:28:18.470+03:00  INFO 15312 --- [address-service] [restartedMain] o.s.b.w.embedded.tomcat.TomcatWebServer  : Tomcat initialized with port 1111 (http)
2024-11-14T21:28:18.476+03:00  INFO 15312 --- [address-service] [restartedMain] o.apache.catalina.core.StandardService   : Starting service [Tomcat]
2024-11-14T21:28:18.476+03:00  INFO 15312 --- [address-service] [restartedMain] o.apache.catalina.core.StandardEngine    : Starting Servlet engine: [Apache Tomcat/10.1.25]
2024-11-14T21:28:18.515+03:00  INFO 15312 --- [address-service] [restartedMain] o.a.c.c.C.[Tomcat].[localhost].[/]       : Initializing Spring embedded WebApplicationContext
2024-11-14T21:28:18.515+03:00  INFO 15312 --- [address-service] [restartedMain] w.s.c.ServletWebServerApplicationContext : Root WebApplicationContext: initialization completed in 1080 ms
2024-11-14T21:28:18.582+03:00  INFO 15312 --- [address-service] [restartedMain] com.zaxxer.hikari.HikariDataSource       : HikariPool-1 - Starting...
2024-11-14T21:28:18.668+03:00  INFO 15312 --- [address-service] [restartedMain] com.zaxxer.hikari.pool.HikariPool        : HikariPool-1 - Added connection conn0: url=jdbc:h2:file:./database_memory_persist/blog user=SA
2024-11-14T21:28:18.669+03:00  INFO 15312 --- [address-service] [restartedMain] com.zaxxer.hikari.HikariDataSource       : HikariPool-1 - Start completed.
2024-11-14T21:28:18.676+03:00  INFO 15312 --- [address-service] [restartedMain] o.s.b.a.h2.H2ConsoleAutoConfiguration    : H2 console available at '/h2-console'. Database available at 'jdbc:h2:file:./database_memory_persist/blog'
2024-11-14T21:28:18.739+03:00 DEBUG 15312 --- [address-service] [restartedMain] o.s.w.f.ServerHttpObservationFilter      : Filter 'webMvcObservationFilter' configured for use
2024-11-14T21:28:18.739+03:00 DEBUG 15312 --- [address-service] [restartedMain] o.s.w.s.r.ResourceUrlEncodingFilter      : Filter 'resourceUrlEncodingFilter' configured for use
2024-11-14T21:28:18.964+03:00  INFO 15312 --- [address-service] [restartedMain] o.s.o.j.p.SpringPersistenceUnitInfo      : No LoadTimeWeaver setup: ignoring JPA class transformer
2024-11-14T21:28:19.458+03:00  INFO 15312 --- [address-service] [restartedMain] j.LocalContainerEntityManagerFactoryBean : Initialized JPA EntityManagerFactory for persistence unit 'default'
2024-11-14T21:28:19.763+03:00  WARN 15312 --- [address-service] [restartedMain] JpaBaseConfiguration$JpaWebConfiguration : spring.jpa.open-in-view is enabled by default. Therefore, database queries may be performed during view rendering. Explicitly configure spring.jpa.open-in-view to disable this warning
2024-11-14T21:28:19.781+03:00  INFO 15312 --- [address-service] [restartedMain] o.s.b.a.w.s.WelcomePageHandlerMapping    : Adding welcome page template: index
2024-11-14T21:28:19.822+03:00 DEBUG 15312 --- [address-service] [restartedMain] s.w.s.m.m.a.RequestMappingHandlerMapping : 15 mappings in 'requestMappingHandlerMapping'
2024-11-14T21:28:20.124+03:00 DEBUG 15312 --- [address-service] [restartedMain] o.s.w.s.handler.SimpleUrlHandlerMapping  : Patterns [/webjars/**, /**, /swagger-ui*/*swagger-initializer.js, /swagger-ui*/**] in 'resourceHandlerMapping'
2024-11-14T21:28:20.147+03:00 DEBUG 15312 --- [address-service] [restartedMain] s.w.s.m.m.a.RequestMappingHandlerAdapter : ControllerAdvice beans: 0 @ModelAttribute, 0 @InitBinder, 1 RequestBodyAdvice, 1 ResponseBodyAdvice
2024-11-14T21:28:20.164+03:00 DEBUG 15312 --- [address-service] [restartedMain] .m.m.a.ExceptionHandlerExceptionResolver : ControllerAdvice beans: 1 @ExceptionHandler, 1 ResponseBodyAdvice
2024-11-14T21:28:20.562+03:00  INFO 15312 --- [address-service] [restartedMain] o.s.b.d.a.OptionalLiveReloadServer       : LiveReload server is running on port 35729
2024-11-14T21:28:20.651+03:00  INFO 15312 --- [address-service] [restartedMain] DiscoveryClientOptionalArgsConfiguration : Eureka HTTP Client uses RestTemplate.
2024-11-14T21:28:20.681+03:00  WARN 15312 --- [address-service] [restartedMain] iguration$LoadBalancerCaffeineWarnLogger : Spring Cloud LoadBalancer is currently working with the default cache. While this cache implementation is useful for development and tests, it's recommended to use Caffeine cache in production.You can switch to using Caffeine cache, by adding it and org.springframework.cache.caffeine.CaffeineCacheManager to the classpath.
2024-11-14T21:28:20.686+03:00  INFO 15312 --- [address-service] [restartedMain] o.s.b.a.e.web.EndpointLinksResolver      : Exposing 1 endpoint beneath base path '/actuator'
2024-11-14T21:28:20.736+03:00  INFO 15312 --- [address-service] [restartedMain] o.s.c.n.eureka.InstanceInfoFactory       : Setting initial instance status as: STARTING
2024-11-14T21:28:20.748+03:00  INFO 15312 --- [address-service] [restartedMain] com.netflix.discovery.DiscoveryClient    : Initializing Eureka in region us-east-1
2024-11-14T21:28:20.750+03:00  INFO 15312 --- [address-service] [restartedMain] c.n.d.s.r.aws.ConfigClusterResolver      : Resolving eureka endpoints via configuration
2024-11-14T21:28:20.754+03:00  INFO 15312 --- [address-service] [restartedMain] com.netflix.discovery.DiscoveryClient    : Disable delta property : false
2024-11-14T21:28:20.754+03:00  INFO 15312 --- [address-service] [restartedMain] com.netflix.discovery.DiscoveryClient    : Single vip registry refresh property : null
2024-11-14T21:28:20.754+03:00  INFO 15312 --- [address-service] [restartedMain] com.netflix.discovery.DiscoveryClient    : Force full registry fetch : false
2024-11-14T21:28:20.754+03:00  INFO 15312 --- [address-service] [restartedMain] com.netflix.discovery.DiscoveryClient    : Application is null : false
2024-11-14T21:28:20.754+03:00  INFO 15312 --- [address-service] [restartedMain] com.netflix.discovery.DiscoveryClient    : Registered Applications size is zero : true
2024-11-14T21:28:20.754+03:00  INFO 15312 --- [address-service] [restartedMain] com.netflix.discovery.DiscoveryClient    : Application version is -1: true
2024-11-14T21:28:20.754+03:00  INFO 15312 --- [address-service] [restartedMain] com.netflix.discovery.DiscoveryClient    : Getting all instance registry info from the eureka server
2024-11-14T21:28:20.829+03:00 DEBUG 15312 --- [address-service] [restartedMain] o.s.web.client.RestTemplate              : HTTP GET http://localhost:8761/eureka/apps/
2024-11-14T21:28:20.857+03:00 DEBUG 15312 --- [address-service] [restartedMain] o.s.web.client.RestTemplate              : Accept=[application/json, application/*+json]
2024-11-14T21:28:20.877+03:00 DEBUG 15312 --- [address-service] [restartedMain] o.s.web.client.RestTemplate              : Response 200 OK
2024-11-14T21:28:20.878+03:00 DEBUG 15312 --- [address-service] [restartedMain] o.s.web.client.RestTemplate              : Reading to [org.springframework.cloud.netflix.eureka.http.EurekaApplications]
2024-11-14T21:28:20.884+03:00  INFO 15312 --- [address-service] [restartedMain] com.netflix.discovery.DiscoveryClient    : The response status is 200
2024-11-14T21:28:20.885+03:00  INFO 15312 --- [address-service] [restartedMain] com.netflix.discovery.DiscoveryClient    : Starting heartbeat executor: renew interval is: 30
2024-11-14T21:28:20.886+03:00  INFO 15312 --- [address-service] [restartedMain] c.n.discovery.InstanceInfoReplicator     : InstanceInfoReplicator onDemand update allowed rate per min is 4
2024-11-14T21:28:20.886+03:00  INFO 15312 --- [address-service] [restartedMain] com.netflix.discovery.DiscoveryClient    : Discovery Client initialized at timestamp 1731608900886 with initial instances count: 2
2024-11-14T21:28:20.889+03:00  INFO 15312 --- [address-service] [restartedMain] o.s.c.n.e.s.EurekaServiceRegistry        : Registering application ADDRESS-SERVICE with eureka with status UP
2024-11-14T21:28:20.890+03:00  INFO 15312 --- [address-service] [restartedMain] com.netflix.discovery.DiscoveryClient    : Saw local status change event StatusChangeEvent [timestamp=1731608900890, current=UP, previous=STARTING]
2024-11-14T21:28:20.890+03:00  INFO 15312 --- [address-service] [DiscoveryClient-InstanceInfoReplicator-%d] com.netflix.discovery.DiscoveryClient    : DiscoveryClient_ADDRESS-SERVICE/Hamit-Mizrak:address-service:1111: registering service...
2024-11-14T21:28:20.892+03:00 DEBUG 15312 --- [address-service] [DiscoveryClient-InstanceInfoReplicator-%d] o.s.web.client.RestTemplate              : HTTP POST http://localhost:8761/eureka/apps/ADDRESS-SERVICE
2024-11-14T21:28:20.893+03:00 DEBUG 15312 --- [address-service] [DiscoveryClient-InstanceInfoReplicator-%d] o.s.web.client.RestTemplate              : Accept=[application/json, application/*+json]
2024-11-14T21:28:20.900+03:00 DEBUG 15312 --- [address-service] [DiscoveryClient-InstanceInfoReplicator-%d] o.s.web.client.RestTemplate              : Writing [InstanceInfo [instanceId = Hamit-Mizrak:address-service:1111, appName = ADDRESS-SERVICE, hostName = Hamit-Mizrak, status = UP, ipAddr = 192.168.1.4, port = 1111, securePort = 443, dataCenterInfo = com.netflix.appinfo.MyDataCenterInfo@64bd7b68] as "application/json"
2024-11-14T21:28:20.900+03:00  INFO 15312 --- [address-service] [restartedMain] o.s.b.w.embedded.tomcat.TomcatWebServer  : Tomcat started on port 1111 (http) with context path '/'
2024-11-14T21:28:20.901+03:00  INFO 15312 --- [address-service] [restartedMain] .s.c.n.e.s.EurekaAutoServiceRegistration : Updating port to 1111
2024-11-14T21:28:20.908+03:00 DEBUG 15312 --- [address-service] [DiscoveryClient-InstanceInfoReplicator-%d] o.s.web.client.RestTemplate              : Response 204 NO_CONTENT
2024-11-14T21:28:20.909+03:00  INFO 15312 --- [address-service] [DiscoveryClient-InstanceInfoReplicator-%d] com.netflix.discovery.DiscoveryClient    : DiscoveryClient_ADDRESS-SERVICE/Hamit-Mizrak:address-service:1111 - registration status: 204
2024-11-14T21:28:20.982+03:00  INFO 15312 --- [address-service] [restartedMain] c.h.a.AddressServiceApplication          : Started AddressServiceApplication in 4.674 seconds (process running for 5.013)
2024-11-14T21:28:20.987+03:00  INFO 15312 --- [address-service] [restartedMain] c.h.a.runner._1_ProjectDataSet           : 1.Data set çalıştı
2024-11-14T21:28:21.060+03:00  INFO 15312 --- [address-service] [restartedMain] c.h.a.runner._2_ProjectDataSet           : Project Data set -2 
2024-11-14T21:28:21.180+03:00  INFO 15312 --- [address-service] [RMI TCP Connection(3)-192.168.1.4] o.a.c.c.C.[Tomcat].[localhost].[/]       : Initializing Spring DispatcherServlet 'dispatcherServlet'
2024-11-14T21:28:21.180+03:00  INFO 15312 --- [address-service] [RMI TCP Connection(3)-192.168.1.4] o.s.web.servlet.DispatcherServlet        : Initializing Servlet 'dispatcherServlet'
2024-11-14T21:28:21.180+03:00 DEBUG 15312 --- [address-service] [RMI TCP Connection(3)-192.168.1.4] o.s.web.servlet.DispatcherServlet        : Detected StandardServletMultipartResolver
2024-11-14T21:28:21.180+03:00 DEBUG 15312 --- [address-service] [RMI TCP Connection(3)-192.168.1.4] o.s.web.servlet.DispatcherServlet        : Detected AcceptHeaderLocaleResolver
2024-11-14T21:28:21.180+03:00 DEBUG 15312 --- [address-service] [RMI TCP Connection(3)-192.168.1.4] o.s.web.servlet.DispatcherServlet        : Detected FixedThemeResolver
2024-11-14T21:28:21.181+03:00 DEBUG 15312 --- [address-service] [RMI TCP Connection(3)-192.168.1.4] o.s.web.servlet.DispatcherServlet        : Detected org.springframework.web.servlet.view.DefaultRequestToViewNameTranslator@1260d6bd
2024-11-14T21:28:21.181+03:00 DEBUG 15312 --- [address-service] [RMI TCP Connection(3)-192.168.1.4] o.s.web.servlet.DispatcherServlet        : Detected org.springframework.web.servlet.support.SessionFlashMapManager@61b87923
2024-11-14T21:28:21.182+03:00 DEBUG 15312 --- [address-service] [RMI TCP Connection(3)-192.168.1.4] o.s.web.servlet.DispatcherServlet        : enableLoggingRequestDetails='false': request parameters and headers will be masked to prevent unsafe logging of potentially sensitive data
2024-11-14T21:28:21.182+03:00  INFO 15312 --- [address-service] [RMI TCP Connection(3)-192.168.1.4] o.s.web.servlet.DispatcherServlet        : Completed initialization in 2 ms
2024-11-14T21:28:50.888+03:00 DEBUG 15312 --- [address-service] [DiscoveryClient-CacheRefreshExecutor-%d] o.s.web.client.RestTemplate              : HTTP GET http://localhost:8761/eureka/apps/delta
2024-11-14T21:28:50.888+03:00 DEBUG 15312 --- [address-service] [DiscoveryClient-HeartbeatExecutor-%d] o.s.web.client.RestTemplate              : HTTP PUT http://localhost:8761/eureka/apps/ADDRESS-SERVICE/Hamit-Mizrak:address-service:1111?status=UP&lastDirtyTimestamp=1731608900890
2024-11-14T21:28:50.888+03:00 DEBUG 15312 --- [address-service] [DiscoveryClient-CacheRefreshExecutor-%d] o.s.web.client.RestTemplate              : Accept=[application/json, application/*+json]
2024-11-14T21:28:50.892+03:00 DEBUG 15312 --- [address-service] [DiscoveryClient-HeartbeatExecutor-%d] o.s.web.client.RestTemplate              : Accept=[application/json, application/*+json]
2024-11-14T21:28:50.892+03:00 DEBUG 15312 --- [address-service] [DiscoveryClient-CacheRefreshExecutor-%d] o.s.web.client.RestTemplate              : Response 200 OK
2024-11-14T21:28:50.893+03:00 DEBUG 15312 --- [address-service] [DiscoveryClient-CacheRefreshExecutor-%d] o.s.web.client.RestTemplate              : Reading to [org.springframework.cloud.netflix.eureka.http.EurekaApplications]
2024-11-14T21:28:50.895+03:00 DEBUG 15312 --- [address-service] [DiscoveryClient-HeartbeatExecutor-%d] o.s.web.client.RestTemplate              : Response 200 OK
2024-11-14T21:29:20.902+03:00 DEBUG 15312 --- [address-service] [DiscoveryClient-HeartbeatExecutor-%d] o.s.web.client.RestTemplate              : HTTP PUT http://localhost:8761/eureka/apps/ADDRESS-SERVICE/Hamit-Mizrak:address-service:1111?status=UP&lastDirtyTimestamp=1731608900890
2024-11-14T21:29:20.902+03:00 DEBUG 15312 --- [address-service] [DiscoveryClient-CacheRefreshExecutor-%d] o.s.web.client.RestTemplate              : HTTP GET http://localhost:8761/eureka/apps/delta
2024-11-14T21:29:20.902+03:00 DEBUG 15312 --- [address-service] [DiscoveryClient-HeartbeatExecutor-%d] o.s.web.client.RestTemplate              : Accept=[application/json, application/*+json]
2024-11-14T21:29:20.902+03:00 DEBUG 15312 --- [address-service] [DiscoveryClient-CacheRefreshExecutor-%d] o.s.web.client.RestTemplate              : Accept=[application/json, application/*+json]
2024-11-14T21:29:20.919+03:00 DEBUG 15312 --- [address-service] [DiscoveryClient-CacheRefreshExecutor-%d] o.s.web.client.RestTemplate              : Response 200 OK
2024-11-14T21:29:20.919+03:00 DEBUG 15312 --- [address-service] [DiscoveryClient-CacheRefreshExecutor-%d] o.s.web.client.RestTemplate              : Reading to [org.springframework.cloud.netflix.eureka.http.EurekaApplications]
2024-11-14T21:29:20.919+03:00 DEBUG 15312 --- [address-service] [DiscoveryClient-CacheRefreshExecutor-%d] o.s.web.client.RestTemplate              : HTTP GET http://localhost:8761/eureka/apps/
2024-11-14T21:29:20.920+03:00 DEBUG 15312 --- [address-service] [DiscoveryClient-CacheRefreshExecutor-%d] o.s.web.client.RestTemplate              : Accept=[application/json, application/*+json]
2024-11-14T21:29:20.922+03:00 DEBUG 15312 --- [address-service] [DiscoveryClient-CacheRefreshExecutor-%d] o.s.web.client.RestTemplate              : Response 200 OK
2024-11-14T21:29:20.922+03:00 DEBUG 15312 --- [address-service] [DiscoveryClient-CacheRefreshExecutor-%d] o.s.web.client.RestTemplate              : Reading to [org.springframework.cloud.netflix.eureka.http.EurekaApplications]
2024-11-14T21:29:20.929+03:00 DEBUG 15312 --- [address-service] [DiscoveryClient-HeartbeatExecutor-%d] o.s.web.client.RestTemplate              : Response 404 NOT_FOUND
2024-11-14T21:29:20.929+03:00  INFO 15312 --- [address-service] [DiscoveryClient-HeartbeatExecutor-%d] com.netflix.discovery.DiscoveryClient    : DiscoveryClient_ADDRESS-SERVICE/Hamit-Mizrak:address-service:1111 - Re-registering apps/ADDRESS-SERVICE
2024-11-14T21:29:20.929+03:00  INFO 15312 --- [address-service] [DiscoveryClient-HeartbeatExecutor-%d] com.netflix.discovery.DiscoveryClient    : DiscoveryClient_ADDRESS-SERVICE/Hamit-Mizrak:address-service:1111: registering service...
2024-11-14T21:29:20.929+03:00 DEBUG 15312 --- [address-service] [DiscoveryClient-HeartbeatExecutor-%d] o.s.web.client.RestTemplate              : HTTP POST http://localhost:8761/eureka/apps/ADDRESS-SERVICE
2024-11-14T21:29:20.929+03:00 DEBUG 15312 --- [address-service] [DiscoveryClient-HeartbeatExecutor-%d] o.s.web.client.RestTemplate              : Accept=[application/json, application/*+json]
2024-11-14T21:29:20.929+03:00 DEBUG 15312 --- [address-service] [DiscoveryClient-HeartbeatExecutor-%d] o.s.web.client.RestTemplate              : Writing [InstanceInfo [instanceId = Hamit-Mizrak:address-service:1111, appName = ADDRESS-SERVICE, hostName = Hamit-Mizrak, status = UP, ipAddr = 192.168.1.4, port = 1111, securePort = 443, dataCenterInfo = com.netflix.appinfo.MyDataCenterInfo@64bd7b68] as "application/json"
2024-11-14T21:29:20.933+03:00  INFO 15312 --- [address-service] [DiscoveryClient-InstanceInfoReplicator-%d] com.netflix.discovery.DiscoveryClient    : DiscoveryClient_ADDRESS-SERVICE/Hamit-Mizrak:address-service:1111: registering service...
2024-11-14T21:29:20.933+03:00 DEBUG 15312 --- [address-service] [DiscoveryClient-InstanceInfoReplicator-%d] o.s.web.client.RestTemplate              : HTTP POST http://localhost:8761/eureka/apps/ADDRESS-SERVICE
2024-11-14T21:29:20.933+03:00 DEBUG 15312 --- [address-service] [DiscoveryClient-InstanceInfoReplicator-%d] o.s.web.client.RestTemplate              : Accept=[application/json, application/*+json]
2024-11-14T21:29:20.933+03:00 DEBUG 15312 --- [address-service] [DiscoveryClient-InstanceInfoReplicator-%d] o.s.web.client.RestTemplate              : Writing [InstanceInfo [instanceId = Hamit-Mizrak:address-service:1111, appName = ADDRESS-SERVICE, hostName = Hamit-Mizrak, status = UP, ipAddr = 192.168.1.4, port = 1111, securePort = 443, dataCenterInfo = com.netflix.appinfo.MyDataCenterInfo@64bd7b68] as "application/json"
2024-11-14T21:29:20.936+03:00 DEBUG 15312 --- [address-service] [DiscoveryClient-HeartbeatExecutor-%d] o.s.web.client.RestTemplate              : Response 204 NO_CONTENT
2024-11-14T21:29:20.936+03:00 DEBUG 15312 --- [address-service] [DiscoveryClient-InstanceInfoReplicator-%d] o.s.web.client.RestTemplate              : Response 204 NO_CONTENT
2024-11-14T21:29:20.936+03:00  INFO 15312 --- [address-service] [DiscoveryClient-HeartbeatExecutor-%d] com.netflix.discovery.DiscoveryClient    : DiscoveryClient_ADDRESS-SERVICE/Hamit-Mizrak:address-service:1111 - registration status: 204
2024-11-14T21:29:20.936+03:00  INFO 15312 --- [address-service] [DiscoveryClient-InstanceInfoReplicator-%d] com.netflix.discovery.DiscoveryClient    : DiscoveryClient_ADDRESS-SERVICE/Hamit-Mizrak:address-service:1111 - registration status: 204
2024-11-14T21:29:50.929+03:00 DEBUG 15312 --- [address-service] [DiscoveryClient-CacheRefreshExecutor-%d] o.s.web.client.RestTemplate              : HTTP GET http://localhost:8761/eureka/apps/delta
2024-11-14T21:29:50.929+03:00 DEBUG 15312 --- [address-service] [DiscoveryClient-CacheRefreshExecutor-%d] o.s.web.client.RestTemplate              : Accept=[application/json, application/*+json]
2024-11-14T21:29:50.933+03:00 DEBUG 15312 --- [address-service] [DiscoveryClient-CacheRefreshExecutor-%d] o.s.web.client.RestTemplate              : Response 200 OK
2024-11-14T21:29:50.933+03:00 DEBUG 15312 --- [address-service] [DiscoveryClient-CacheRefreshExecutor-%d] o.s.web.client.RestTemplate              : Reading to [org.springframework.cloud.netflix.eureka.http.EurekaApplications]
2024-11-14T21:29:50.945+03:00 DEBUG 15312 --- [address-service] [DiscoveryClient-HeartbeatExecutor-%d] o.s.web.client.RestTemplate              : HTTP PUT http://localhost:8761/eureka/apps/ADDRESS-SERVICE/Hamit-Mizrak:address-service:1111?status=UP&lastDirtyTimestamp=1731608960929
2024-11-14T21:29:50.945+03:00 DEBUG 15312 --- [address-service] [DiscoveryClient-HeartbeatExecutor-%d] o.s.web.client.RestTemplate              : Accept=[application/json, application/*+json]
2024-11-14T21:29:50.947+03:00 DEBUG 15312 --- [address-service] [DiscoveryClient-HeartbeatExecutor-%d] o.s.web.client.RestTemplate              : Response 200 OK
2024-11-14T21:29:54.556+03:00  INFO 15312 --- [address-service] [SpringApplicationShutdownHook] o.s.c.n.e.s.EurekaServiceRegistry        : Unregistering application ADDRESS-SERVICE with eureka with status DOWN
2024-11-14T21:29:54.556+03:00  INFO 15312 --- [address-service] [SpringApplicationShutdownHook] com.netflix.discovery.DiscoveryClient    : Saw local status change event StatusChangeEvent [timestamp=1731608994556, current=DOWN, previous=UP]
2024-11-14T21:29:54.556+03:00  INFO 15312 --- [address-service] [DiscoveryClient-InstanceInfoReplicator-%d] com.netflix.discovery.DiscoveryClient    : DiscoveryClient_ADDRESS-SERVICE/Hamit-Mizrak:address-service:1111: registering service...
2024-11-14T21:29:54.556+03:00 DEBUG 15312 --- [address-service] [DiscoveryClient-InstanceInfoReplicator-%d] o.s.web.client.RestTemplate              : HTTP POST http://localhost:8761/eureka/apps/ADDRESS-SERVICE
2024-11-14T21:29:54.556+03:00 DEBUG 15312 --- [address-service] [DiscoveryClient-InstanceInfoReplicator-%d] o.s.web.client.RestTemplate              : Accept=[application/json, application/*+json]
2024-11-14T21:29:54.556+03:00 DEBUG 15312 --- [address-service] [DiscoveryClient-InstanceInfoReplicator-%d] o.s.web.client.RestTemplate              : Writing [InstanceInfo [instanceId = Hamit-Mizrak:address-service:1111, appName = ADDRESS-SERVICE, hostName = Hamit-Mizrak, status = DOWN, ipAddr = 192.168.1.4, port = 1111, securePort = 443, dataCenterInfo = com.netflix.appinfo.MyDataCenterInfo@64bd7b68] as "application/json"
2024-11-14T21:29:54.560+03:00 DEBUG 15312 --- [address-service] [DiscoveryClient-InstanceInfoReplicator-%d] o.s.web.client.RestTemplate              : Response 204 NO_CONTENT
2024-11-14T21:29:54.560+03:00  INFO 15312 --- [address-service] [DiscoveryClient-InstanceInfoReplicator-%d] com.netflix.discovery.DiscoveryClient    : DiscoveryClient_ADDRESS-SERVICE/Hamit-Mizrak:address-service:1111 - registration status: 204
2024-11-14T21:29:54.694+03:00  INFO 15312 --- [address-service] [SpringApplicationShutdownHook] j.LocalContainerEntityManagerFactoryBean : Closing JPA EntityManagerFactory for persistence unit 'default'
2024-11-14T21:29:54.790+03:00  INFO 15312 --- [address-service] [SpringApplicationShutdownHook] com.zaxxer.hikari.HikariDataSource       : HikariPool-1 - Shutdown initiated...
2024-11-14T21:29:54.834+03:00  INFO 15312 --- [address-service] [SpringApplicationShutdownHook] com.zaxxer.hikari.HikariDataSource       : HikariPool-1 - Shutdown completed.
2024-11-14T21:29:54.834+03:00  INFO 15312 --- [address-service] [SpringApplicationShutdownHook] com.netflix.discovery.DiscoveryClient    : Shutting down DiscoveryClient ...
2024-11-14T21:29:57.850+03:00  INFO 15312 --- [address-service] [SpringApplicationShutdownHook] com.netflix.discovery.DiscoveryClient    : Unregistering ...
2024-11-14T21:29:57.852+03:00 DEBUG 15312 --- [address-service] [SpringApplicationShutdownHook] o.s.web.client.RestTemplate              : HTTP DELETE http://localhost:8761/eureka/apps/ADDRESS-SERVICE/Hamit-Mizrak:address-service:1111
2024-11-14T21:29:57.853+03:00 DEBUG 15312 --- [address-service] [SpringApplicationShutdownHook] o.s.web.client.RestTemplate              : Accept=[application/json, application/*+json]
2024-11-14T21:29:57.861+03:00 DEBUG 15312 --- [address-service] [SpringApplicationShutdownHook] o.s.web.client.RestTemplate              : Response 200 OK
2024-11-14T21:29:57.862+03:00  INFO 15312 --- [address-service] [SpringApplicationShutdownHook] com.netflix.discovery.DiscoveryClient    : DiscoveryClient_ADDRESS-SERVICE/Hamit-Mizrak:address-service:1111 - deregister  status: 200
2024-11-14T21:29:57.862+03:00  INFO 15312 --- [address-service] [SpringApplicationShutdownHook] com.netflix.discovery.DiscoveryClient    : Completed shut down of DiscoveryClient
